Arguments: 
  /usr/bin/node /usr/share/yarn/bin/yarn.js install

PATH: 
  /home/ubuntu/.rvm/gems/ruby-2.6.3/bin:/home/ubuntu/.rvm/gems/ruby-2.6.3@global/bin:/home/ubuntu/.rvm/rubies/ruby-2.6.3/bin:/usr/local/sbin:/usr/local/bin:/usr/sbin:/usr/bin:/sbin:/bin:/usr/games:/usr/local/games:/snap/bin:/home/ubuntu/.local/bin:/home/ubuntu/bin:/home/ubuntu/.rvm/bin:/home/ubuntu/.local/bin:/home/ubuntu/bin:/home/ubuntu/.rvm/bin:/home/ubuntu/.rvm/bin:/home/ubuntu/.local/bin:/home/ubuntu/bin:/home/ubuntu/.rvm/bin:/home/ubuntu/.rvm/bin

Yarn version: 
  1.22.5

Node version: 
  14.15.4

Platform: 
  linux x64

Trace: 
  Error: https://registry.yarnpkg.com/@cocreate%2funique: Not found
      at Request.params.callback [as _callback] (/usr/share/yarn/lib/cli.js:66988:18)
      at Request.self.callback (/usr/share/yarn/lib/cli.js:140749:22)
      at Request.emit (events.js:315:20)
      at Request.<anonymous> (/usr/share/yarn/lib/cli.js:141721:10)
      at Request.emit (events.js:315:20)
      at IncomingMessage.<anonymous> (/usr/share/yarn/lib/cli.js:141643:12)
      at Object.onceWrapper (events.js:421:28)
      at IncomingMessage.emit (events.js:327:22)
      at endReadableNT (internal/streams/readable.js:1327:12)
      at processTicksAndRejections (internal/process/task_queues.js:80:21)

npm manifest: 
  {
    "name": "@cocreate/cocreatejs",
    "version": "1.0.0",
    "description": "A simple CoCreateJS component in vanilla javascript. Easily configured using HTML5 data-attributes and/or JavaScript API.",
    "keywords": [
      "cocreatejs",
      "cocreate",
      "low-code-framework",
      "no-code-framework",
      "cocreatejs",
      "cocreatejs-component",
      "cocreate-framework",
      "no-code",
      "low-code",
      "collaborative-framework",
      "realtime",
      "realtime-framework",
      "collaboration",
      "shared-editing",
      "html5-framework",
      "javascript-framework"
    ],
    "publishConfig": {
      "access": "public"
    },
    "scripts": {
      "start": "npx webpack --config webpack.config.js ",
      "build": "NODE_ENV=production npx webpack --config webpack.config.js",
      "dev": "npx webpack --config webpack.config.js --watch",
      "docs": "node ./node_modules/@cocreate/docs/src/index.js"
    },
    "repository": {
      "type": "git",
      "url": "git+https://github.com/CoCreate-app/CoCreateJS.git"
    },
    "author": "CoCreate LLC",
    "license": "MIT",
    "bugs": {
      "url": "https://github.com/CoCreate-app/CoCreateJS/issues"
    },
    "homepage": "https://cocreate.app/docs/CoCreateJS",
    "funding": {
      "type": "GitHub Sponsors ❤",
      "url": "https://github.com/sponsors/CoCreate-app"
    },
    "main": "index.js",
    "devDependencies": {
      "@babel/core": "^7.9.6",
      "@babel/preset-env": "^7.9.6",
      "babel-loader": "^8.1.0",
      "clean-webpack-plugin": "^3.0.0",
      "css-loader": "^5.1.2",
      "file-loader": "^6.2.0",
      "html-webpack-plugin": "^5.3.1",
      "style-loader": "^2.0.0",
      "terser-webpack-plugin": "5.1.0",
      "webpack": "^5.24.4",
      "webpack-bundle-analyzer": "^4.4.0",
      "webpack-cli": "^4.5.0",
      "webpack-log": "^3.0.1"
    },
    "dependencies": {
      "@cocreate/actions": "^1.0.0",
      "@cocreate/api": "^1.1.0",
      "@cocreate/attributes": "^1.1.0",
      "@cocreate/calculations": "^1.0.0",
      "@cocreate/charts": "^1.0.0",
      "@cocreate/clone": "^1.0.0",
      "@cocreate/cocreatecss": "^1.0.0",
      "@cocreate/codemirror": "^1.0.0",
      "@cocreate/docs": "^1.0.0",
      "@cocreate/conditional-logic": "^1.0.0",
      "@cocreate/contenteditable": "^1.0.0",
      "@cocreate/croppie": "^1.0.0",
      "@cocreate/cursors": "^1.0.0",
      "@cocreate/dnd": "^1.0.0",
      "@cocreate/domain": "^1.0.0",
      "@cocreate/dom-to-text": "^1.0.0",
      "@cocreate/facebook": "^1.0.0",
      "@cocreate/fetch": "^1.0.0",
      "@cocreate/filter": "^1.0.0",
      "@cocreate/floating-label": "^1.0.0",
      "@cocreate/form": "^1.0.0",
      "@cocreate/fullcalendar": "^1.0.0",
      "@cocreate/fullscreen": "^1.0.0",
      "@cocreate/htmltags": "^1.0.0",
      "@cocreate/input": "^1.0.0",
      "@cocreate/instagram": "^1.0.0",
      "@cocreate/lighthouse": "^1.0.0",
      "@cocreate/linkedin": "^1.0.0",
      "@cocreate/logic": "^1.0.0",
      "@cocreate/message": "^1.0.0",
      "@cocreate/modal": "^1.0.0",
      "@cocreate/observer": "^1.0.0",
      "@cocreate/organizations": "^1.0.0",
      "@cocreate/parallax": "^1.0.0",
      "@cocreate/pickr": "^1.0.0",
      "@cocreate/pinterest": "^1.0.0",
      "@cocreate/plaid": "^1.0.0",
      "@cocreate/progress": "^1.0.0",
      "@cocreate/quill": "^1.0.0",
      "@cocreate/progress-bar": "^1.0.0",
      "@cocreate/random-color": "^1.0.0",
      "@cocreate/render": "^1.0.0",
      "@cocreate/render-key": "^1.0.0",
      "@cocreate/resize": "^1.0.0",
      "@cocreate/room": "^1.0.0",
      "@cocreate/scroll": "^1.0.0",
      "@cocreate/search": "^1.0.0",
      "@cocreate/select": "^1.0.0",
      "@cocreate/selected": "^1.0.0",
      "@cocreate/sendgrid": "^1.0.0",
      "@cocreate/shipengine": "^1.0.0",
      "@cocreate/sidenav": "^1.0.0",
      "@cocreate/social-share": "^1.0.0",
      "@cocreate/socket": "^1.0.0",
      "@cocreate/splitview": "^1.0.0",
      "@cocreate/stripe": "^1.0.0",
      "@cocreate/text": "^1.0.0",
      "@cocreate/toggle": "^1.0.0",
      "@cocreate/toolbar": "^1.0.0",
      "@cocreate/twilio": "^1.0.0",
      "@cocreate/twitter": "^1.0.0",
      "@cocreate/unique": "^1.0.0",
      "@cocreate/uppy": "^1.0.0",
      "@cocreate/users": "^1.0.0",
      "@cocreate/utils": "^1.0.0",
      "@cocreate/uuid": "^1.0.0",
      "@cocreate/vdom": "^1.0.0"
    }
  }

yarn manifest: 
  No manifest

Lockfile: 
  No lockfile
